<?xml version="1.0" encoding="UTF-8"?>
<!-- Generated by org.testng.reporters.JUnitReportReporter -->
<testsuite hostname="PAULS-MBP.station" failures="0" tests="5" name="com.realpay.AmazonLazyLoadingTest" time="30.273" errors="0" timestamp="2023-10-01T16:18:00 BST" skipped="0">
  <testcase classname="com.realpay.AmazonLazyLoadingTest" name="openWebpage" time="0.948"/>
  <system-out/>
  <testcase classname="com.realpay.AmazonLazyLoadingTest" name="testLazyLoading" time="5.098"/>
  <system-out/>
  <testcase classname="com.realpay.AmazonLazyLoadingTest" name="getNthProdDetails" time="18.098"/>
  <system-out/>
  <testcase classname="com.realpay.AmazonLazyLoadingTest" name="getAllDisplayedProducts" time="0.053"/>
  <system-out/>
  <testcase classname="com.realpay.AmazonLazyLoadingTest" name="scrollDownProducts" time="6.076"/>
  <system-out/>
</testsuite> <!-- com.realpay.AmazonLazyLoadingTest -->
