<?xml version="1.0" encoding="UTF-8"?>
<!-- Generated by org.testng.reporters.JUnitReportReporter -->
<testsuite hostname="PAULS-MBP.station" failures="0" tests="1" name="com.realpay.AmazonLzyLoading" time="0.022" errors="0" timestamp="2023-10-01T10:25:45 BST" skipped="0">
  <testcase classname="com.realpay.AmazonLzyLoading" name="Class2Test" time="0.022"/>
  <system-out/>
</testsuite> <!-- com.realpay.AmazonLzyLoading -->
